<?xml version="1.0" encoding="UTF-8"?>
<!-- Generated by org.testng.reporters.JUnitReportReporter -->
<testsuite skipped="0" hostname="DESKTOP-73PJK31" name="com.home.RestAppTests" tests="1" failures="0" timestamp="2020-10-05T20:29:48 IST" time="2.493" errors="0">
  <testcase name="TestAPI" time="2.493" classname="com.home.RestAppTests"/>
  <system-out/>
</testsuite> <!-- com.home.RestAppTests -->
